c:\users\dillonbritt\source\repos\multiplayer_pong\multiplayer_pong\debug\vc141.pdb
c:\users\dillonbritt\source\repos\multiplayer_pong\multiplayer_pong\debug\vc141.idb
c:\users\dillonbritt\source\repos\multiplayer_pong\multiplayer_pong\debug\ball_testing.obj
c:\users\dillonbritt\source\repos\multiplayer_pong\multiplayer_pong\debug\main.obj
c:\users\dillonbritt\source\repos\multiplayer_pong\multiplayer_pong\debug\ball.obj
c:\users\dillonbritt\source\repos\multiplayer_pong\multiplayer_pong\debug\paddle.obj
c:\users\dillonbritt\source\repos\multiplayer_pong\multiplayer_pong\debug\score.obj
c:\users\dillonbritt\source\repos\multiplayer_pong\debug\multiplayer_pong.pdb
c:\users\dillonbritt\source\repos\multiplayer_pong\multiplayer_pong\debug\multiplayer_pong.tlog\cl.command.1.tlog
c:\users\dillonbritt\source\repos\multiplayer_pong\multiplayer_pong\debug\multiplayer_pong.tlog\cl.read.1.tlog
c:\users\dillonbritt\source\repos\multiplayer_pong\multiplayer_pong\debug\multiplayer_pong.tlog\cl.write.1.tlog
c:\users\dillonbritt\source\repos\multiplayer_pong\multiplayer_pong\debug\multiplayer_pong.tlog\link-cvtres.read.1.tlog
c:\users\dillonbritt\source\repos\multiplayer_pong\multiplayer_pong\debug\multiplayer_pong.tlog\link-cvtres.write.1.tlog
c:\users\dillonbritt\source\repos\multiplayer_pong\multiplayer_pong\debug\multiplayer_pong.tlog\link-rc.read.1.tlog
c:\users\dillonbritt\source\repos\multiplayer_pong\multiplayer_pong\debug\multiplayer_pong.tlog\link-rc.write.1.tlog
c:\users\dillonbritt\source\repos\multiplayer_pong\multiplayer_pong\debug\multiplayer_pong.tlog\link.9340-cvtres.read.1.tlog
c:\users\dillonbritt\source\repos\multiplayer_pong\multiplayer_pong\debug\multiplayer_pong.tlog\link.9340-cvtres.write.1.tlog
c:\users\dillonbritt\source\repos\multiplayer_pong\multiplayer_pong\debug\multiplayer_pong.tlog\link.9340-rc.read.1.tlog
c:\users\dillonbritt\source\repos\multiplayer_pong\multiplayer_pong\debug\multiplayer_pong.tlog\link.9340-rc.write.1.tlog
c:\users\dillonbritt\source\repos\multiplayer_pong\multiplayer_pong\debug\multiplayer_pong.tlog\link.9340.read.1.tlog
c:\users\dillonbritt\source\repos\multiplayer_pong\multiplayer_pong\debug\multiplayer_pong.tlog\link.9340.write.1.tlog
c:\users\dillonbritt\source\repos\multiplayer_pong\multiplayer_pong\debug\multiplayer_pong.tlog\link.command.1.tlog
c:\users\dillonbritt\source\repos\multiplayer_pong\multiplayer_pong\debug\multiplayer_pong.tlog\link.read.1.tlog
c:\users\dillonbritt\source\repos\multiplayer_pong\multiplayer_pong\debug\multiplayer_pong.tlog\link.write.1.tlog
