  ball.cpp
  Connection.cpp
  main.cpp
  paddle.cpp
paddle.cpp(30): warning C4244: 'argument': conversion from 'int' to 'float', possible loss of data
  score.cpp
sfml-graphics-s-d.lib(Color.cpp.obj) : error LNK2038: mismatch detected for '_ITERATOR_DEBUG_LEVEL': value '2' doesn't match value '0' in ball.obj
sfml-graphics-s-d.lib(Color.cpp.obj) : error LNK2038: mismatch detected for 'RuntimeLibrary': value 'MDd_DynamicDebug' doesn't match value 'MD_DynamicRelease' in ball.obj
sfml-graphics-s-d.lib(CircleShape.cpp.obj) : error LNK2038: mismatch detected for '_ITERATOR_DEBUG_LEVEL': value '2' doesn't match value '0' in ball.obj
sfml-graphics-s-d.lib(CircleShape.cpp.obj) : error LNK2038: mismatch detected for 'RuntimeLibrary': value 'MDd_DynamicDebug' doesn't match value 'MD_DynamicRelease' in ball.obj
sfml-graphics-s-d.lib(Transformable.cpp.obj) : error LNK2038: mismatch detected for '_ITERATOR_DEBUG_LEVEL': value '2' doesn't match value '0' in ball.obj
sfml-graphics-s-d.lib(Transformable.cpp.obj) : error LNK2038: mismatch detected for 'RuntimeLibrary': value 'MDd_DynamicDebug' doesn't match value 'MD_DynamicRelease' in ball.obj
sfml-graphics-s-d.lib(VertexArray.cpp.obj) : error LNK2038: mismatch detected for '_ITERATOR_DEBUG_LEVEL': value '2' doesn't match value '0' in ball.obj
sfml-graphics-s-d.lib(VertexArray.cpp.obj) : error LNK2038: mismatch detected for 'RuntimeLibrary': value 'MDd_DynamicDebug' doesn't match value 'MD_DynamicRelease' in ball.obj
sfml-graphics-s-d.lib(Shape.cpp.obj) : error LNK2038: mismatch detected for '_ITERATOR_DEBUG_LEVEL': value '2' doesn't match value '0' in ball.obj
sfml-graphics-s-d.lib(Shape.cpp.obj) : error LNK2038: mismatch detected for 'RuntimeLibrary': value 'MDd_DynamicDebug' doesn't match value 'MD_DynamicRelease' in ball.obj
sfml-graphics-s-d.lib(RenderStates.cpp.obj) : error LNK2038: mismatch detected for '_ITERATOR_DEBUG_LEVEL': value '2' doesn't match value '0' in ball.obj
sfml-graphics-s-d.lib(RenderStates.cpp.obj) : error LNK2038: mismatch detected for 'RuntimeLibrary': value 'MDd_DynamicDebug' doesn't match value 'MD_DynamicRelease' in ball.obj
sfml-graphics-s-d.lib(Font.cpp.obj) : error LNK2038: mismatch detected for '_ITERATOR_DEBUG_LEVEL': value '2' doesn't match value '0' in ball.obj
sfml-graphics-s-d.lib(Font.cpp.obj) : error LNK2038: mismatch detected for 'RuntimeLibrary': value 'MDd_DynamicDebug' doesn't match value 'MD_DynamicRelease' in ball.obj
sfml-graphics-s-d.lib(RenderWindow.cpp.obj) : error LNK2038: mismatch detected for '_ITERATOR_DEBUG_LEVEL': value '2' doesn't match value '0' in ball.obj
sfml-graphics-s-d.lib(RenderWindow.cpp.obj) : error LNK2038: mismatch detected for 'RuntimeLibrary': value 'MDd_DynamicDebug' doesn't match value 'MD_DynamicRelease' in ball.obj
sfml-graphics-s-d.lib(RenderTarget.cpp.obj) : error LNK2038: mismatch detected for '_ITERATOR_DEBUG_LEVEL': value '2' doesn't match value '0' in ball.obj
sfml-graphics-s-d.lib(RenderTarget.cpp.obj) : error LNK2038: mismatch detected for 'RuntimeLibrary': value 'MDd_DynamicDebug' doesn't match value 'MD_DynamicRelease' in ball.obj
sfml-graphics-s-d.lib(RectangleShape.cpp.obj) : error LNK2038: mismatch detected for '_ITERATOR_DEBUG_LEVEL': value '2' doesn't match value '0' in ball.obj
sfml-graphics-s-d.lib(RectangleShape.cpp.obj) : error LNK2038: mismatch detected for 'RuntimeLibrary': value 'MDd_DynamicDebug' doesn't match value 'MD_DynamicRelease' in ball.obj
sfml-graphics-s-d.lib(Text.cpp.obj) : error LNK2038: mismatch detected for '_ITERATOR_DEBUG_LEVEL': value '2' doesn't match value '0' in ball.obj
sfml-graphics-s-d.lib(Text.cpp.obj) : error LNK2038: mismatch detected for 'RuntimeLibrary': value 'MDd_DynamicDebug' doesn't match value 'MD_DynamicRelease' in ball.obj
sfml-graphics-s-d.lib(Transform.cpp.obj) : error LNK2038: mismatch detected for '_ITERATOR_DEBUG_LEVEL': value '2' doesn't match value '0' in ball.obj
sfml-graphics-s-d.lib(Transform.cpp.obj) : error LNK2038: mismatch detected for 'RuntimeLibrary': value 'MDd_DynamicDebug' doesn't match value 'MD_DynamicRelease' in ball.obj
sfml-graphics-s-d.lib(Texture.cpp.obj) : error LNK2038: mismatch detected for '_ITERATOR_DEBUG_LEVEL': value '2' doesn't match value '0' in ball.obj
sfml-graphics-s-d.lib(Texture.cpp.obj) : error LNK2038: mismatch detected for 'RuntimeLibrary': value 'MDd_DynamicDebug' doesn't match value 'MD_DynamicRelease' in ball.obj
sfml-graphics-s-d.lib(Image.cpp.obj) : error LNK2038: mismatch detected for '_ITERATOR_DEBUG_LEVEL': value '2' doesn't match value '0' in ball.obj
sfml-graphics-s-d.lib(Image.cpp.obj) : error LNK2038: mismatch detected for 'RuntimeLibrary': value 'MDd_DynamicDebug' doesn't match value 'MD_DynamicRelease' in ball.obj
sfml-graphics-s-d.lib(View.cpp.obj) : error LNK2038: mismatch detected for '_ITERATOR_DEBUG_LEVEL': value '2' doesn't match value '0' in ball.obj
sfml-graphics-s-d.lib(View.cpp.obj) : error LNK2038: mismatch detected for 'RuntimeLibrary': value 'MDd_DynamicDebug' doesn't match value 'MD_DynamicRelease' in ball.obj
sfml-graphics-s-d.lib(Shader.cpp.obj) : error LNK2038: mismatch detected for '_ITERATOR_DEBUG_LEVEL': value '2' doesn't match value '0' in ball.obj
sfml-graphics-s-d.lib(Shader.cpp.obj) : error LNK2038: mismatch detected for 'RuntimeLibrary': value 'MDd_DynamicDebug' doesn't match value 'MD_DynamicRelease' in ball.obj
sfml-graphics-s-d.lib(GLExtensions.cpp.obj) : error LNK2038: mismatch detected for '_ITERATOR_DEBUG_LEVEL': value '2' doesn't match value '0' in ball.obj
sfml-graphics-s-d.lib(GLExtensions.cpp.obj) : error LNK2038: mismatch detected for 'RuntimeLibrary': value 'MDd_DynamicDebug' doesn't match value 'MD_DynamicRelease' in ball.obj
sfml-graphics-s-d.lib(GLCheck.cpp.obj) : error LNK2038: mismatch detected for '_ITERATOR_DEBUG_LEVEL': value '2' doesn't match value '0' in ball.obj
sfml-graphics-s-d.lib(GLCheck.cpp.obj) : error LNK2038: mismatch detected for 'RuntimeLibrary': value 'MDd_DynamicDebug' doesn't match value 'MD_DynamicRelease' in ball.obj
sfml-graphics-s-d.lib(ImageLoader.cpp.obj) : error LNK2038: mismatch detected for '_ITERATOR_DEBUG_LEVEL': value '2' doesn't match value '0' in ball.obj
sfml-graphics-s-d.lib(ImageLoader.cpp.obj) : error LNK2038: mismatch detected for 'RuntimeLibrary': value 'MDd_DynamicDebug' doesn't match value 'MD_DynamicRelease' in ball.obj
sfml-graphics-s-d.lib(Glsl.cpp.obj) : error LNK2038: mismatch detected for '_ITERATOR_DEBUG_LEVEL': value '2' doesn't match value '0' in ball.obj
sfml-graphics-s-d.lib(Glsl.cpp.obj) : error LNK2038: mismatch detected for 'RuntimeLibrary': value 'MDd_DynamicDebug' doesn't match value 'MD_DynamicRelease' in ball.obj
sfml-network-s-d.lib(Socket.cpp.obj) : error LNK2038: mismatch detected for '_ITERATOR_DEBUG_LEVEL': value '2' doesn't match value '0' in ball.obj
sfml-network-s-d.lib(Socket.cpp.obj) : error LNK2038: mismatch detected for 'RuntimeLibrary': value 'MDd_DynamicDebug' doesn't match value 'MD_DynamicRelease' in ball.obj
sfml-network-s-d.lib(IpAddress.cpp.obj) : error LNK2038: mismatch detected for '_ITERATOR_DEBUG_LEVEL': value '2' doesn't match value '0' in ball.obj
sfml-network-s-d.lib(IpAddress.cpp.obj) : error LNK2038: mismatch detected for 'RuntimeLibrary': value 'MDd_DynamicDebug' doesn't match value 'MD_DynamicRelease' in ball.obj
sfml-network-s-d.lib(TcpSocket.cpp.obj) : error LNK2038: mismatch detected for '_ITERATOR_DEBUG_LEVEL': value '2' doesn't match value '0' in ball.obj
sfml-network-s-d.lib(TcpSocket.cpp.obj) : error LNK2038: mismatch detected for 'RuntimeLibrary': value 'MDd_DynamicDebug' doesn't match value 'MD_DynamicRelease' in ball.obj
sfml-network-s-d.lib(SocketImpl.cpp.obj) : error LNK2038: mismatch detected for '_ITERATOR_DEBUG_LEVEL': value '2' doesn't match value '0' in ball.obj
sfml-network-s-d.lib(SocketImpl.cpp.obj) : error LNK2038: mismatch detected for 'RuntimeLibrary': value 'MDd_DynamicDebug' doesn't match value 'MD_DynamicRelease' in ball.obj
sfml-network-s-d.lib(Http.cpp.obj) : error LNK2038: mismatch detected for '_ITERATOR_DEBUG_LEVEL': value '2' doesn't match value '0' in ball.obj
sfml-network-s-d.lib(Http.cpp.obj) : error LNK2038: mismatch detected for 'RuntimeLibrary': value 'MDd_DynamicDebug' doesn't match value 'MD_DynamicRelease' in ball.obj
sfml-network-s-d.lib(Packet.cpp.obj) : error LNK2038: mismatch detected for '_ITERATOR_DEBUG_LEVEL': value '2' doesn't match value '0' in ball.obj
sfml-network-s-d.lib(Packet.cpp.obj) : error LNK2038: mismatch detected for 'RuntimeLibrary': value 'MDd_DynamicDebug' doesn't match value 'MD_DynamicRelease' in ball.obj
sfml-window-s-d.lib(Window.cpp.obj) : error LNK2038: mismatch detected for '_ITERATOR_DEBUG_LEVEL': value '2' doesn't match value '0' in ball.obj
sfml-window-s-d.lib(Window.cpp.obj) : error LNK2038: mismatch detected for 'RuntimeLibrary': value 'MDd_DynamicDebug' doesn't match value 'MD_DynamicRelease' in ball.obj
sfml-window-s-d.lib(VideoMode.cpp.obj) : error LNK2038: mismatch detected for '_ITERATOR_DEBUG_LEVEL': value '2' doesn't match value '0' in ball.obj
sfml-window-s-d.lib(VideoMode.cpp.obj) : error LNK2038: mismatch detected for 'RuntimeLibrary': value 'MDd_DynamicDebug' doesn't match value 'MD_DynamicRelease' in ball.obj
sfml-window-s-d.lib(Context.cpp.obj) : error LNK2038: mismatch detected for '_ITERATOR_DEBUG_LEVEL': value '2' doesn't match value '0' in ball.obj
sfml-window-s-d.lib(Context.cpp.obj) : error LNK2038: mismatch detected for 'RuntimeLibrary': value 'MDd_DynamicDebug' doesn't match value 'MD_DynamicRelease' in ball.obj
sfml-window-s-d.lib(GlContext.cpp.obj) : error LNK2038: mismatch detected for '_ITERATOR_DEBUG_LEVEL': value '2' doesn't match value '0' in ball.obj
sfml-window-s-d.lib(GlContext.cpp.obj) : error LNK2038: mismatch detected for 'RuntimeLibrary': value 'MDd_DynamicDebug' doesn't match value 'MD_DynamicRelease' in ball.obj
sfml-window-s-d.lib(WindowImpl.cpp.obj) : error LNK2038: mismatch detected for '_ITERATOR_DEBUG_LEVEL': value '2' doesn't match value '0' in ball.obj
sfml-window-s-d.lib(WindowImpl.cpp.obj) : error LNK2038: mismatch detected for 'RuntimeLibrary': value 'MDd_DynamicDebug' doesn't match value 'MD_DynamicRelease' in ball.obj
sfml-window-s-d.lib(VideoModeImpl.cpp.obj) : error LNK2038: mismatch detected for '_ITERATOR_DEBUG_LEVEL': value '2' doesn't match value '0' in ball.obj
sfml-window-s-d.lib(VideoModeImpl.cpp.obj) : error LNK2038: mismatch detected for 'RuntimeLibrary': value 'MDd_DynamicDebug' doesn't match value 'MD_DynamicRelease' in ball.obj
sfml-window-s-d.lib(WglContext.cpp.obj) : error LNK2038: mismatch detected for '_ITERATOR_DEBUG_LEVEL': value '2' doesn't match value '0' in ball.obj
sfml-window-s-d.lib(WglContext.cpp.obj) : error LNK2038: mismatch detected for 'RuntimeLibrary': value 'MDd_DynamicDebug' doesn't match value 'MD_DynamicRelease' in ball.obj
sfml-window-s-d.lib(JoystickManager.cpp.obj) : error LNK2038: mismatch detected for '_ITERATOR_DEBUG_LEVEL': value '2' doesn't match value '0' in ball.obj
sfml-window-s-d.lib(JoystickManager.cpp.obj) : error LNK2038: mismatch detected for 'RuntimeLibrary': value 'MDd_DynamicDebug' doesn't match value 'MD_DynamicRelease' in ball.obj
sfml-window-s-d.lib(SensorManager.cpp.obj) : error LNK2038: mismatch detected for '_ITERATOR_DEBUG_LEVEL': value '2' doesn't match value '0' in ball.obj
sfml-window-s-d.lib(SensorManager.cpp.obj) : error LNK2038: mismatch detected for 'RuntimeLibrary': value 'MDd_DynamicDebug' doesn't match value 'MD_DynamicRelease' in ball.obj
sfml-window-s-d.lib(WindowImplWin32.cpp.obj) : error LNK2038: mismatch detected for '_ITERATOR_DEBUG_LEVEL': value '2' doesn't match value '0' in ball.obj
sfml-window-s-d.lib(WindowImplWin32.cpp.obj) : error LNK2038: mismatch detected for 'RuntimeLibrary': value 'MDd_DynamicDebug' doesn't match value 'MD_DynamicRelease' in ball.obj
sfml-window-s-d.lib(WglExtensions.cpp.obj) : error LNK2038: mismatch detected for '_ITERATOR_DEBUG_LEVEL': value '2' doesn't match value '0' in ball.obj
sfml-window-s-d.lib(WglExtensions.cpp.obj) : error LNK2038: mismatch detected for 'RuntimeLibrary': value 'MDd_DynamicDebug' doesn't match value 'MD_DynamicRelease' in ball.obj
sfml-window-s-d.lib(Joystick.cpp.obj) : error LNK2038: mismatch detected for '_ITERATOR_DEBUG_LEVEL': value '2' doesn't match value '0' in ball.obj
sfml-window-s-d.lib(Joystick.cpp.obj) : error LNK2038: mismatch detected for 'RuntimeLibrary': value 'MDd_DynamicDebug' doesn't match value 'MD_DynamicRelease' in ball.obj
sfml-window-s-d.lib(JoystickImpl.cpp.obj) : error LNK2038: mismatch detected for '_ITERATOR_DEBUG_LEVEL': value '2' doesn't match value '0' in ball.obj
sfml-window-s-d.lib(JoystickImpl.cpp.obj) : error LNK2038: mismatch detected for 'RuntimeLibrary': value 'MDd_DynamicDebug' doesn't match value 'MD_DynamicRelease' in ball.obj
sfml-system-s-d.lib(String.cpp.obj) : error LNK2038: mismatch detected for '_ITERATOR_DEBUG_LEVEL': value '2' doesn't match value '0' in ball.obj
sfml-system-s-d.lib(String.cpp.obj) : error LNK2038: mismatch detected for 'RuntimeLibrary': value 'MDd_DynamicDebug' doesn't match value 'MD_DynamicRelease' in ball.obj
sfml-system-s-d.lib(Err.cpp.obj) : error LNK2038: mismatch detected for '_ITERATOR_DEBUG_LEVEL': value '2' doesn't match value '0' in ball.obj
sfml-system-s-d.lib(Err.cpp.obj) : error LNK2038: mismatch detected for 'RuntimeLibrary': value 'MDd_DynamicDebug' doesn't match value 'MD_DynamicRelease' in ball.obj
sfml-system-s-d.lib(ThreadLocal.cpp.obj) : error LNK2038: mismatch detected for '_ITERATOR_DEBUG_LEVEL': value '2' doesn't match value '0' in ball.obj
sfml-system-s-d.lib(ThreadLocal.cpp.obj) : error LNK2038: mismatch detected for 'RuntimeLibrary': value 'MDd_DynamicDebug' doesn't match value 'MD_DynamicRelease' in ball.obj
LINK : warning LNK4098: defaultlib 'MSVCRTD' conflicts with use of other libs; use /NODEFAULTLIB:library
sfml-window-s-d.lib(WindowImplWin32.cpp.obj) : error LNK2001: unresolved external symbol __imp___invalid_parameter
sfml-window-s-d.lib(WglExtensions.cpp.obj) : error LNK2001: unresolved external symbol __imp___invalid_parameter
sfml-window-s-d.lib(JoystickImpl.cpp.obj) : error LNK2001: unresolved external symbol __imp___invalid_parameter
sfml-system-s-d.lib(String.cpp.obj) : error LNK2001: unresolved external symbol __imp___invalid_parameter
sfml-window-s-d.lib(WindowImpl.cpp.obj) : error LNK2001: unresolved external symbol __imp___invalid_parameter
sfml-window-s-d.lib(VideoModeImpl.cpp.obj) : error LNK2001: unresolved external symbol __imp___invalid_parameter
sfml-window-s-d.lib(WglContext.cpp.obj) : error LNK2001: unresolved external symbol __imp___invalid_parameter
sfml-window-s-d.lib(JoystickManager.cpp.obj) : error LNK2001: unresolved external symbol __imp___invalid_parameter
sfml-network-s-d.lib(Packet.cpp.obj) : error LNK2001: unresolved external symbol __imp___invalid_parameter
sfml-window-s-d.lib(Window.cpp.obj) : error LNK2001: unresolved external symbol __imp___invalid_parameter
sfml-window-s-d.lib(VideoMode.cpp.obj) : error LNK2001: unresolved external symbol __imp___invalid_parameter
sfml-window-s-d.lib(GlContext.cpp.obj) : error LNK2001: unresolved external symbol __imp___invalid_parameter
sfml-graphics-s-d.lib(ImageLoader.cpp.obj) : error LNK2001: unresolved external symbol __imp___invalid_parameter
sfml-network-s-d.lib(IpAddress.cpp.obj) : error LNK2001: unresolved external symbol __imp___invalid_parameter
sfml-network-s-d.lib(TcpSocket.cpp.obj) : error LNK2001: unresolved external symbol __imp___invalid_parameter
sfml-network-s-d.lib(Http.cpp.obj) : error LNK2001: unresolved external symbol __imp___invalid_parameter
sfml-graphics-s-d.lib(Texture.cpp.obj) : error LNK2001: unresolved external symbol __imp___invalid_parameter
sfml-graphics-s-d.lib(Image.cpp.obj) : error LNK2001: unresolved external symbol __imp___invalid_parameter
sfml-graphics-s-d.lib(Shader.cpp.obj) : error LNK2001: unresolved external symbol __imp___invalid_parameter
sfml-graphics-s-d.lib(GLCheck.cpp.obj) : error LNK2001: unresolved external symbol __imp___invalid_parameter
sfml-graphics-s-d.lib(VertexArray.cpp.obj) : error LNK2001: unresolved external symbol __imp___invalid_parameter
sfml-graphics-s-d.lib(Shape.cpp.obj) : error LNK2001: unresolved external symbol __imp___invalid_parameter
sfml-graphics-s-d.lib(Font.cpp.obj) : error LNK2001: unresolved external symbol __imp___invalid_parameter
sfml-graphics-s-d.lib(Text.cpp.obj) : error LNK2001: unresolved external symbol __imp___invalid_parameter
sfml-window-s-d.lib(WindowImplWin32.cpp.obj) : error LNK2001: unresolved external symbol __imp___CrtDbgReportW
sfml-window-s-d.lib(WglExtensions.cpp.obj) : error LNK2001: unresolved external symbol __imp___CrtDbgReportW
sfml-window-s-d.lib(JoystickImpl.cpp.obj) : error LNK2001: unresolved external symbol __imp___CrtDbgReportW
sfml-system-s-d.lib(String.cpp.obj) : error LNK2001: unresolved external symbol __imp___CrtDbgReportW
sfml-window-s-d.lib(WindowImpl.cpp.obj) : error LNK2001: unresolved external symbol __imp___CrtDbgReportW
sfml-window-s-d.lib(VideoModeImpl.cpp.obj) : error LNK2001: unresolved external symbol __imp___CrtDbgReportW
sfml-window-s-d.lib(WglContext.cpp.obj) : error LNK2001: unresolved external symbol __imp___CrtDbgReportW
sfml-window-s-d.lib(JoystickManager.cpp.obj) : error LNK2001: unresolved external symbol __imp___CrtDbgReportW
sfml-network-s-d.lib(Packet.cpp.obj) : error LNK2001: unresolved external symbol __imp___CrtDbgReportW
sfml-window-s-d.lib(Window.cpp.obj) : error LNK2001: unresolved external symbol __imp___CrtDbgReportW
sfml-window-s-d.lib(VideoMode.cpp.obj) : error LNK2001: unresolved external symbol __imp___CrtDbgReportW
sfml-window-s-d.lib(GlContext.cpp.obj) : error LNK2001: unresolved external symbol __imp___CrtDbgReportW
sfml-graphics-s-d.lib(ImageLoader.cpp.obj) : error LNK2001: unresolved external symbol __imp___CrtDbgReportW
sfml-network-s-d.lib(IpAddress.cpp.obj) : error LNK2001: unresolved external symbol __imp___CrtDbgReportW
sfml-network-s-d.lib(TcpSocket.cpp.obj) : error LNK2001: unresolved external symbol __imp___CrtDbgReportW
sfml-network-s-d.lib(Http.cpp.obj) : error LNK2001: unresolved external symbol __imp___CrtDbgReportW
sfml-graphics-s-d.lib(Texture.cpp.obj) : error LNK2001: unresolved external symbol __imp___CrtDbgReportW
sfml-graphics-s-d.lib(Image.cpp.obj) : error LNK2001: unresolved external symbol __imp___CrtDbgReportW
sfml-graphics-s-d.lib(Shader.cpp.obj) : error LNK2001: unresolved external symbol __imp___CrtDbgReportW
sfml-graphics-s-d.lib(GLCheck.cpp.obj) : error LNK2001: unresolved external symbol __imp___CrtDbgReportW
sfml-graphics-s-d.lib(VertexArray.cpp.obj) : error LNK2001: unresolved external symbol __imp___CrtDbgReportW
sfml-graphics-s-d.lib(Shape.cpp.obj) : error LNK2001: unresolved external symbol __imp___CrtDbgReportW
sfml-graphics-s-d.lib(Font.cpp.obj) : error LNK2001: unresolved external symbol __imp___CrtDbgReportW
sfml-graphics-s-d.lib(Text.cpp.obj) : error LNK2001: unresolved external symbol __imp___CrtDbgReportW
sfml-network-s-d.lib(Socket.cpp.obj) : error LNK2001: unresolved external symbol __imp__setsockopt@20
sfml-network-s-d.lib(Socket.cpp.obj) : error LNK2001: unresolved external symbol __imp__socket@12
sfml-network-s-d.lib(IpAddress.cpp.obj) : error LNK2001: unresolved external symbol __imp__socket@12
sfml-network-s-d.lib(IpAddress.cpp.obj) : error LNK2001: unresolved external symbol __imp__connect@12
sfml-network-s-d.lib(TcpSocket.cpp.obj) : error LNK2001: unresolved external symbol __imp__connect@12
sfml-network-s-d.lib(IpAddress.cpp.obj) : error LNK2001: unresolved external symbol __imp__getsockname@12
sfml-network-s-d.lib(TcpSocket.cpp.obj) : error LNK2001: unresolved external symbol __imp__getsockname@12
sfml-network-s-d.lib(IpAddress.cpp.obj) : error LNK2001: unresolved external symbol __imp__htonl@4
sfml-network-s-d.lib(TcpSocket.cpp.obj) : error LNK2001: unresolved external symbol __imp__htonl@4
sfml-network-s-d.lib(SocketImpl.cpp.obj) : error LNK2001: unresolved external symbol __imp__htonl@4
sfml-network-s-d.lib(Packet.cpp.obj) : error LNK2001: unresolved external symbol __imp__htonl@4
sfml-network-s-d.lib(IpAddress.cpp.obj) : error LNK2001: unresolved external symbol __imp__inet_addr@4
sfml-network-s-d.lib(IpAddress.cpp.obj) : error LNK2001: unresolved external symbol __imp__inet_ntoa@4
sfml-network-s-d.lib(IpAddress.cpp.obj) : error LNK2001: unresolved external symbol __imp__ntohl@4
sfml-network-s-d.lib(TcpSocket.cpp.obj) : error LNK2001: unresolved external symbol __imp__ntohl@4
sfml-network-s-d.lib(Packet.cpp.obj) : error LNK2001: unresolved external symbol __imp__ntohl@4
sfml-network-s-d.lib(IpAddress.cpp.obj) : error LNK2001: unresolved external symbol __imp__getaddrinfo@16
sfml-network-s-d.lib(IpAddress.cpp.obj) : error LNK2001: unresolved external symbol __imp__freeaddrinfo@4
sfml-network-s-d.lib(TcpSocket.cpp.obj) : error LNK2001: unresolved external symbol __imp__getpeername@12
sfml-network-s-d.lib(TcpSocket.cpp.obj) : error LNK2001: unresolved external symbol __imp__ntohs@4
sfml-network-s-d.lib(Packet.cpp.obj) : error LNK2001: unresolved external symbol __imp__ntohs@4
sfml-network-s-d.lib(TcpSocket.cpp.obj) : error LNK2001: unresolved external symbol __imp__recv@16
sfml-network-s-d.lib(TcpSocket.cpp.obj) : error LNK2001: unresolved external symbol __imp__select@20
sfml-network-s-d.lib(TcpSocket.cpp.obj) : error LNK2001: unresolved external symbol __imp__send@16
sfml-network-s-d.lib(SocketImpl.cpp.obj) : error LNK2001: unresolved external symbol __imp__closesocket@4
sfml-network-s-d.lib(SocketImpl.cpp.obj) : error LNK2001: unresolved external symbol __imp__ioctlsocket@12
sfml-network-s-d.lib(SocketImpl.cpp.obj) : error LNK2001: unresolved external symbol __imp__htons@4
sfml-network-s-d.lib(Packet.cpp.obj) : error LNK2001: unresolved external symbol __imp__htons@4
sfml-network-s-d.lib(SocketImpl.cpp.obj) : error LNK2001: unresolved external symbol __imp__WSAStartup@8
sfml-network-s-d.lib(SocketImpl.cpp.obj) : error LNK2001: unresolved external symbol __imp__WSACleanup@0
sfml-network-s-d.lib(SocketImpl.cpp.obj) : error LNK2001: unresolved external symbol __imp__WSAGetLastError@0
C:\Users\DillonBritt\source\repos\Multiplayer_Pong\Release\Multiplayer_Pong.exe : fatal error LNK1120: 23 unresolved externals
